MPASM  5.42                          KEKS.ASM   10-16-2020  11:09:09         PAGE  1


LOC  OBJECT CODE     LINE SOURCE TEXT
  VALUE

                      00001         PROCESSOR PIC16F877
                      00002         errorlevel -302
2007   3FFB           00003         __config _WDT_OFF
                      00004 #include <p16f877.inc>
                      00001         LIST
                      00002 
                      00003 ;==========================================================================
                      00004 ;  MPASM PIC16F877 processor include
                      00005 ; 
                      00006 ;  (c) Copyright 1999-2011 Microchip Technology, All rights reserved
                      00007 ;==========================================================================
                      00008 
                      00528         LIST
                      00005         org 0x000
0000   3020           00006         movlw 0x20
0001   0083           00007         movwf STATUS
0002   0103           00008         clrw
0003   008A           00009         movwf PCLATH
0004   3007           00010         movlw 0x07
0005   009F           00011         movwf ADCON1
0006   1283 1303      00012         banksel ADCON0
0008   0185           00013         clrf PORTA
0009   0186           00014         clrf PORTÂ
000A   3002           00015         movlw 0x02      ;íàñòðîéêà option(0x07 - 1:256, 0x00 - 1:2, 0x01 - 1:4 ...)
Warning[224]: Use of this instruction is not recommended.
000B   0062           00016         option
000C   0181           00017         clrf 0x01
000D   2???           00018         goto begin
000E                  00019 stage0
000E   1185           00020         bcf PORTA,0x03
000F   1105           00021         bcf PORTA,0x02
0010   1085           00022         bcf PORTA,0x01
0011   1005           00023         bcf PORTA,0x00
0012   2???           00024         goto stage1
0013                  00025 stage1
0013   1485           00026         bsf PORTA,0x01
0014   2???           00027         goto scan0
0015                  00028 stage2
0015   1085           00029         bcf PORTA,0x01
0016   1505           00030         bsf PORTA,0x02
0017   2???           00031         goto scan1
0018                  00032 stage3
0018   1105           00033         bcf PORTA,0x02
0019   1405           00034         bsf PORTA,0x00
001A   2???           00035         goto delay
001B                  00036 stage4
001B   1005           00037         bcf PORTA,0x00
001C   1485           00038         bsf PORTA,0x01
001D   1505           00039         bsf PORTA,0x02
001E   2???           00040         goto scan2
001F                  00041 stage5
001F   1085           00042         bcf PORTA,0x01
0020   1105           00043         bcf PORTA,0x02
MPASM  5.42                          KEKS.ASM   10-16-2020  11:09:09         PAGE  2


LOC  OBJECT CODE     LINE SOURCE TEXT
  VALUE

0021   1585           00044         bsf PORTA,0x03
0022   2???           00045         goto scan3
0023                  00046 scan0
0023   1806           00047         btfsc PORTB,0x00
0024   2???           00048         goto stage2
0025   2???           00049         goto stage1
0026                  00050 scan1
0026   1886           00051         btfsc PORTB,0x01
0027   2???           00052         goto stage3
0028   2???           00053         goto stage2
0029                  00054 scan2
0029   1906           00055         btfsc PORTB,0x02
002A   2???           00056         goto stage5
002B   2???           00057         goto stage4
002C                  00058 scan3
002C   1C06           00059         btfss PORTB,0x00
002D   2???           00060         goto stage0
002E   2???           00061         goto stage5
002F                  00062 delay           ;çàäåðæêà
002F   0181           00063         clrf 0x01
0030   30FF           00064         movlw 0xFF
0031   00F8           00065         movwf 0x78
0032   3031           00066         movlw 0x31
0033   00F9           00067         movwf 0x79
0034   2???           00068         goto c1
0035                  00069 c1
0035   30FF           00070         movlw 0xff
0036   0201           00071         subwf 0x01,0
0037   1D03           00072         btfss STATUS,0x02
0038   2???           00073         goto c1
0039   2???           00074         goto d1
003A                  00075 d1
003A   0BF9           00076         decfsz 0x79,1
003B   2???           00077         goto c1
003C   2???           00078         goto c2
003D                  00079 c2
003D   30FF           00080         movlw 0xff
003E   0201           00081         subwf 0x01,0
003F   1D03           00082         btfss STATUS,0x02
0040   2???           00083         goto c2
0041   2???           00084         goto d2
0042                  00085 d2
0042   0BF8           00086         decfsz 0x78,1
0043   2???           00087         goto c2
0044   2???           00088         goto stage4
0045                  00089 begin
  00000005            00090 PORTA   equ 0x05
  00000006            00091 PORTÂ   equ 0x06
  00000001            00092 TMR0    equ 0x01
  00000003            00093 STATUS  equ 0x03
0045   30FF           00094         movlw 0xFF
0046   0081           00095         movwf OPTION_REG
0047   3007           00096         movlw 0x07
MPASM  5.42                          KEKS.ASM   10-16-2020  11:09:09         PAGE  3


LOC  OBJECT CODE     LINE SOURCE TEXT
  VALUE

Warning[224]: Use of this instruction is not recommended.
0048   0066           00097         tris PORTÂ
0049   3000           00098         movlw 0x00
Warning[224]: Use of this instruction is not recommended.
004A   0065           00099         tris PORTA
004B   2???           00100         goto stage0
3FFB                  00101         end
MPASM  5.42                          KEKS.ASM   10-16-2020  11:09:09         PAGE  4


SYMBOL TABLE
  LABEL                             VALUE 

ACKDT                             00000005
ACKEN                             00000004
ACKSTAT                           00000006
ADCON0                            0000001F
ADCON1                            0000009F
ADCS0                             00000006
ADCS1                             00000007
ADDEN                             00000003
ADFM                              00000007
ADIE                              00000006
ADIF                              00000006
ADON                              00000000
ADRESH                            0000001E
ADRESL                            0000009E
BCLIE                             00000003
BCLIF                             00000003
BF                                00000000
BRGH                              00000002
C                                 00000000
CCP1CON                           00000017
CCP1IE                            00000002
CCP1IF                            00000002
CCP1M0                            00000000
CCP1M1                            00000001
CCP1M2                            00000002
CCP1M3                            00000003
CCP1X                             00000005
CCP1Y                             00000004
CCP2CON                           0000001D
CCP2IE                            00000000
CCP2IF                            00000000
CCP2M0                            00000000
CCP2M1                            00000001
CCP2M2                            00000002
CCP2M3                            00000003
CCP2X                             00000005
CCP2Y                             00000004
CCPR1                             00000015
CCPR1H                            00000016
CCPR1L                            00000015
CCPR2                             0000001B
CCPR2H                            0000001C
CCPR2L                            0000001B
CHS0                              00000003
CHS1                              00000004
CHS2                              00000005
CKE                               00000006
CKP                               00000004
CREN                              00000004
CSRC                              00000007
D                                 00000005
DATA_ADDRESS                      00000005
DC                                00000001
MPASM  5.42                          KEKS.ASM   10-16-2020  11:09:09         PAGE  5


SYMBOL TABLE
  LABEL                             VALUE 

D_A                               00000005
D_NOT_A                           00000005
EEADR                             0000010D
EEADRH                            0000010F
EECON1                            0000018C
EECON2                            0000018D
EEDATA                            0000010C
EEDATH                            0000010E
EEIE                              00000004
EEIF                              00000004
EEPGD                             00000007
F                                 00000001
FERR                              00000002
FSR                               00000004
GCEN                              00000007
GIE                               00000007
GO                                00000002
GO_DONE                           00000002
GO_NOT_DONE                       00000002
I2C_DATA                          00000005
I2C_READ                          00000002
I2C_START                         00000003
I2C_STOP                          00000004
IBF                               00000007
IBOV                              00000005
INDF                              00000000
INTCON                            0000000B
INTE                              00000004
INTEDG                            00000006
INTF                              00000001
IRP                               00000007
NOT_A                             00000005
NOT_ADDRESS                       00000005
NOT_BO                            00000000
NOT_BOR                           00000000
NOT_DONE                          00000002
NOT_PD                            00000003
NOT_POR                           00000001
NOT_RBPU                          00000007
NOT_RC8                           00000006
NOT_T1SYNC                        00000002
NOT_TO                            00000004
NOT_TX8                           00000006
NOT_W                             00000002
NOT_WRITE                         00000002
OBF                               00000006
OERR                              00000001
OPTION_REG                        00000081
P                                 00000004
PCFG0                             00000000
PCFG1                             00000001
PCFG2                             00000002
PCFG3                             00000003
MPASM  5.42                          KEKS.ASM   10-16-2020  11:09:09         PAGE  6


SYMBOL TABLE
  LABEL                             VALUE 

PCL                               00000002
PCLATH                            0000000A
PCON                              0000008E
PEIE                              00000006
PEN                               00000002
PIE1                              0000008C
PIE2                              0000008D
PIR1                              0000000C
PIR2                              0000000D
PORTA                             00000005
PORTB                             00000006
PORTC                             00000007
PORTD                             00000008
PORTE                             00000009
PORTÂ                             00000006
PR2                               00000092
PS0                               00000000
PS1                               00000001
PS2                               00000002
PSA                               00000003
PSPIE                             00000007
PSPIF                             00000007
PSPMODE                           00000004
R                                 00000002
RA0                               00000000
RA1                               00000001
RA2                               00000002
RA3                               00000003
RA4                               00000004
RA5                               00000005
RB0                               00000000
RB1                               00000001
RB2                               00000002
RB3                               00000003
RB4                               00000004
RB5                               00000005
RB6                               00000006
RB7                               00000007
RBIE                              00000003
RBIF                              00000000
RC0                               00000000
RC1                               00000001
RC2                               00000002
RC3                               00000003
RC4                               00000004
RC5                               00000005
RC6                               00000006
RC7                               00000007
RC8_9                             00000006
RC9                               00000006
RCD8                              00000000
RCEN                              00000003
RCIE                              00000005
MPASM  5.42                          KEKS.ASM   10-16-2020  11:09:09         PAGE  7


SYMBOL TABLE
  LABEL                             VALUE 

RCIF                              00000005
RCREG                             0000001A
RCSTA                             00000018
RD                                00000000
RD0                               00000000
RD1                               00000001
RD2                               00000002
RD3                               00000003
RD4                               00000004
RD5                               00000005
RD6                               00000006
RD7                               00000007
RE0                               00000000
RE1                               00000001
RE2                               00000002
READ_WRITE                        00000002
RP0                               00000005
RP1                               00000006
RSEN                              00000001
RX9                               00000006
RX9D                              00000000
R_NOT_W                           00000002
R_W                               00000002
S                                 00000003
SEN                               00000000
SMP                               00000007
SPBRG                             00000099
SPEN                              00000007
SREN                              00000005
SSPADD                            00000093
SSPBUF                            00000013
SSPCON                            00000014
SSPCON2                           00000091
SSPEN                             00000005
SSPIE                             00000003
SSPIF                             00000003
SSPM0                             00000000
SSPM1                             00000001
SSPM2                             00000002
SSPM3                             00000003
SSPOV                             00000006
SSPSTAT                           00000094
STATUS                            00000003
SYNC                              00000004
T0CS                              00000005
T0IE                              00000005
T0IF                              00000002
T0SE                              00000004
T1CKPS0                           00000004
T1CKPS1                           00000005
T1CON                             00000010
T1INSYNC                          00000002
T1OSCEN                           00000003
MPASM  5.42                          KEKS.ASM   10-16-2020  11:09:09         PAGE  8


SYMBOL TABLE
  LABEL                             VALUE 

T1SYNC                            00000002
T2CKPS0                           00000000
T2CKPS1                           00000001
T2CON                             00000012
TMR0                              00000001
TMR0IE                            00000005
TMR0IF                            00000002
TMR1CS                            00000001
TMR1H                             0000000F
TMR1IE                            00000000
TMR1IF                            00000000
TMR1L                             0000000E
TMR1ON                            00000000
TMR2                              00000011
TMR2IE                            00000001
TMR2IF                            00000001
TMR2ON                            00000002
TOUTPS0                           00000003
TOUTPS1                           00000004
TOUTPS2                           00000005
TOUTPS3                           00000006
TRISA                             00000085
TRISA0                            00000000
TRISA1                            00000001
TRISA2                            00000002
TRISA3                            00000003
TRISA4                            00000004
TRISA5                            00000005
TRISB                             00000086
TRISB0                            00000000
TRISB1                            00000001
TRISB2                            00000002
TRISB3                            00000003
TRISB4                            00000004
TRISB5                            00000005
TRISB6                            00000006
TRISB7                            00000007
TRISC                             00000087
TRISC0                            00000000
TRISC1                            00000001
TRISC2                            00000002
TRISC3                            00000003
TRISC4                            00000004
TRISC5                            00000005
TRISC6                            00000006
TRISC7                            00000007
TRISD                             00000088
TRISD0                            00000000
TRISD1                            00000001
TRISD2                            00000002
TRISD3                            00000003
TRISD4                            00000004
TRISD5                            00000005
MPASM  5.42                          KEKS.ASM   10-16-2020  11:09:09         PAGE  9


SYMBOL TABLE
  LABEL                             VALUE 

TRISD6                            00000006
TRISD7                            00000007
TRISE                             00000089
TRISE0                            00000000
TRISE1                            00000001
TRISE2                            00000002
TRMT                              00000001
TX8_9                             00000006
TX9                               00000006
TX9D                              00000000
TXD8                              00000000
TXEN                              00000005
TXIE                              00000004
TXIF                              00000004
TXREG                             00000019
TXSTA                             00000098
UA                                00000001
W                                 00000000
WCOL                              00000007
WR                                00000001
WREN                              00000002
WRERR                             00000003
Z                                 00000002
_BODEN_OFF                        00003FBF
_BODEN_ON                         00003FFF
_CONFIG                           00002007
_CPD_OFF                          00003FFF
_CPD_ON                           00003EFF
_CP_All                           00000FCF
_CP_HALF                          00001FDF
_CP_OFF                           00003FFF
_CP_UPPER_256                     00002FEF
_DEBUG_OFF                        00003FFF
_DEBUG_ON                         000037FF
_DEVID1                           00002006
_HS_OSC                           00003FFE
_IDLOC0                           00002000
_IDLOC1                           00002001
_IDLOC2                           00002002
_IDLOC3                           00002003
_LP_OSC                           00003FFC
_LVP_OFF                          00003F7F
_LVP_ON                           00003FFF
_PWRTE_OFF                        00003FFF
_PWRTE_ON                         00003FF7
_RC_OSC                           00003FFF
_WDT_OFF                          00003FFB
_WDT_ON                           00003FFF
_WRT_ENABLE_OFF                   00003DFF
_WRT_ENABLE_ON                    00003FFF
_XT_OSC                           00003FFD
__16F877                          00000001
__DEBUG                           1
MPASM  5.42                          KEKS.ASM   10-16-2020  11:09:09         PAGE 10


SYMBOL TABLE
  LABEL                             VALUE 

begin                             00000045
c1                                00000035
c2                                0000003D
d1                                0000003A
d2                                00000042
delay                             0000002F
scan0                             00000023
scan1                             00000026
scan2                             00000029
scan3                             0000002C
stage0                            0000000E
stage1                            00000013
stage2                            00000015
stage3                            00000018
stage4                            0000001B
stage5                            0000001F

Errors   :     0
Warnings :     3 reported,     0 suppressed
Messages :     0 reported,     2 suppressed

